2025-11-14 19:51:26,342 | INFO | Run created: 20251115-005126-f061079c
2025-11-14 19:51:26,343 | INFO | Artifacts → /Users/spranshu/Desktop/Soft-Light/runs/20251115-005126-f061079c
2025-11-14 19:51:26,352 | INFO | Parsed: intent=create, object=issue, app=Linear
2025-11-14 19:51:26,354 | INFO | Planner wrote 6 steps → runs/20251115-005126-f061079c/steps.yaml
2025-11-14 19:51:27,330 | INFO | [execute_plan] Using storage_state='linear_state.json' for app='Linear'
2025-11-14 19:51:27,883 | INFO | [step 1] {'action': 'open', 'app': 'Linear', 'state_label': 'linear_home'}
2025-11-14 19:51:27,883 | INFO | [open] Opening app=Linear at https://linear.app/
2025-11-14 19:51:34,332 | INFO | [step 2] {'action': 'goto', 'section': 'Issues', 'state_label': 'issues_list'}
2025-11-14 19:51:34,332 | INFO | [goto] Navigating to section='Issues'
2025-11-14 19:51:34,589 | INFO | [step 3] {'action': 'click', 'text': 'New issue', 'state_label': 'new_issue_modal_open'}
2025-11-14 19:51:34,596 | INFO | [click] Clicking button with text≈'New issue'
2025-11-14 19:51:34,778 | INFO | [step 4] {'action': 'fill', 'field': 'Title', 'val': 'signin bug', 'state_label': 'issue_title_filled'}
2025-11-14 19:51:34,779 | INFO | [fill] Filling field≈'Title' with value='signin bug'
2025-11-14 19:51:34,783 | INFO | [fill] Using label-based locator
2025-11-14 19:51:34,873 | INFO | [step 5] {'action': 'click', 'text': 'Create issue', 'state_label': 'issue_created_button_clicked'}
2025-11-14 19:51:34,877 | INFO | [click] Clicking button with text≈'Create issue'
2025-11-14 19:51:35,244 | INFO | [step 6] {'action': 'assert', 'token': 'signin bug', 'state_label': 'issue_created'}
2025-11-14 19:51:35,244 | INFO | [assert] Checking if token='signin bug' appears in page text
2025-11-14 19:51:35,245 | INFO | [assert] PASSED: found token='signin bug'
2025-11-14 19:51:35,478 | INFO | Run setup complete (planner/executor will attach here).
