2025-11-14 19:52:13,977 | INFO | Run created: 20251115-005213-5506700d
2025-11-14 19:52:13,978 | INFO | Artifacts → /Users/spranshu/Desktop/Soft-Light/runs/20251115-005213-5506700d
2025-11-14 19:52:13,987 | INFO | Parsed: intent=filter, object=issue, app=Linear
2025-11-14 19:52:13,989 | INFO | Planner wrote 6 steps → runs/20251115-005213-5506700d/steps.yaml
2025-11-14 19:52:15,041 | INFO | [execute_plan] Using storage_state='linear_state.json' for app='Linear'
2025-11-14 19:52:15,737 | INFO | [step 1] {'action': 'open', 'app': 'Linear'}
2025-11-14 19:52:15,737 | INFO | [open] Opening app=Linear at https://linear.app/
2025-11-14 19:52:21,750 | INFO | [step 2] {'action': 'goto', 'section': 'issues'}
2025-11-14 19:52:21,750 | INFO | [goto] Navigating to section='issues'
2025-11-14 19:52:21,920 | INFO | [step 3] {'action': 'click', 'text': 'filter'}
2025-11-14 19:52:21,927 | INFO | [click] Clicking button with text≈'filter'
2025-11-14 19:52:22,059 | INFO | [step 4] {'action': 'fill', 'field': 'query', 'val': 'priority high'}
2025-11-14 19:52:22,060 | INFO | [fill] Filling field≈'query' with value='priority high'
2025-11-14 19:52:22,072 | INFO | [fill] Using first <input>/<textarea> as fallback
2025-11-14 19:52:22,078 | INFO | [fill] generic input/textarea fill failed: Locator.fill: Error: Input of type "checkbox" cannot be filled
Call log:
  - waiting for locator("input, textarea").first
    - locator resolved to <input tabindex="-1" type="checkbox" data-1p-ignore="true" class="sc-iaHxGD sc-kWmiKh sc-kUZjaK ilMGlC jmKqUo gEYXIf"/>
    - fill("priority high")
  - attempting fill action
    - waiting for element to be visible, enabled and editable
. Trying text-click fallback
2025-11-14 19:52:22,078 | INFO | [fill] Trying text-click typing for field='query'
