2025-11-14 19:52:55,226 | INFO | Run created: 20251115-005255-1346e3e7
2025-11-14 19:52:55,227 | INFO | Artifacts → /Users/spranshu/Desktop/Soft-Light/runs/20251115-005255-1346e3e7
2025-11-14 19:52:55,233 | INFO | Parsed: intent=filter, object=issue, app=Linear
2025-11-14 19:52:55,235 | INFO | Planner wrote 6 steps → runs/20251115-005255-1346e3e7/steps.yaml
2025-11-14 19:52:55,826 | INFO | [execute_plan] Using storage_state='linear_state.json' for app='Linear'
2025-11-14 19:52:56,262 | INFO | [step 1] {'action': 'open', 'app': 'Linear'}
2025-11-14 19:52:56,262 | INFO | [open] Opening app=Linear at https://linear.app/
2025-11-14 19:53:02,413 | INFO | [step 2] {'action': 'goto', 'section': 'issues'}
2025-11-14 19:53:02,414 | INFO | [goto] Navigating to section='issues'
2025-11-14 19:53:02,605 | INFO | [step 3] {'action': 'click', 'text': 'filter'}
2025-11-14 19:53:02,617 | INFO | [click] Clicking button with text≈'filter'
2025-11-14 19:53:02,738 | INFO | [step 4] {'action': 'fill', 'field': 'query', 'val': 'priority high'}
2025-11-14 19:53:02,739 | INFO | [fill] Filling field≈'query' with value='priority high'
2025-11-14 19:53:02,748 | INFO | [fill] Using first <input>/<textarea> as fallback
2025-11-14 19:53:02,752 | INFO | [fill] generic input/textarea fill failed: Locator.fill: Error: Input of type "checkbox" cannot be filled
Call log:
  - waiting for locator("input, textarea").first
    - locator resolved to <input tabindex="-1" type="checkbox" data-1p-ignore="true" class="sc-iaHxGD sc-kWmiKh sc-kUZjaK ilMGlC jmKqUo gEYXIf"/>
    - fill("priority high")
  - attempting fill action
    - waiting for element to be visible, enabled and editable
. Trying text-click fallback
2025-11-14 19:53:02,752 | INFO | [fill] Trying text-click typing for field='query'
2025-11-14 19:53:32,756 | WARNING | [fill] Failed to fill any field for 'query': Locator.click: Timeout 30000ms exceeded.
Call log:
  - waiting for get_by_text("query").first

2025-11-14 19:53:32,854 | INFO | [step 5] {'action': 'submit'}
2025-11-14 19:53:32,854 | INFO | [submit] Trying to submit (generic heuristic)
2025-11-14 19:53:32,858 | INFO | [submit] role=button matches for 'Create project': 0
2025-11-14 19:53:32,860 | INFO | [submit] role=button matches for 'Create': 1
2025-11-14 19:54:02,882 | INFO | [submit] role=button matches for 'Save': 0
2025-11-14 19:54:02,888 | INFO | [submit] role=button matches for 'Submit': 0
2025-11-14 19:54:02,892 | INFO | [submit] role=button matches for 'Done': 0
2025-11-14 19:54:02,895 | INFO | [submit] role=button matches for 'OK': 0
2025-11-14 19:54:02,898 | INFO | [submit] role=button matches for 'Continue': 0
2025-11-14 19:54:02,901 | INFO | [submit] role=button matches for 'Add': 1
2025-11-14 19:54:32,913 | WARNING | [submit] No submit-like button found; nothing clicked.
2025-11-14 19:54:33,020 | INFO | [step 6] {'action': 'assert', 'token': 'filtered'}
2025-11-14 19:54:33,020 | INFO | [assert] Checking if token='filtered' appears in page text
2025-11-14 19:54:33,024 | WARNING | [assert] FAILED: token='filtered' not found
2025-11-14 19:54:33,290 | INFO | Run setup complete (planner/executor will attach here).
