2025-11-14 19:33:44,539 | INFO | Run created: 20251115-003344-56f7bff9
2025-11-14 19:33:44,540 | INFO | Artifacts → /Users/spranshu/Desktop/Soft-Light/runs/20251115-003344-56f7bff9
2025-11-14 19:33:44,549 | INFO | Parsed: intent=filter, object=issue, app=Linear
2025-11-14 19:33:44,550 | INFO | Planner wrote 6 steps → runs/20251115-003344-56f7bff9/steps.yaml
2025-11-14 19:33:45,530 | INFO | [execute_plan] Using storage_state='linear_state.json' for app='Linear'
2025-11-14 19:33:46,111 | INFO | [step 1] {'action': 'open', 'app': 'Linear'}
2025-11-14 19:33:46,111 | INFO | [open] Opening app=Linear at https://linear.app/
2025-11-14 19:33:53,061 | INFO | [step 2] {'action': 'goto', 'section': 'issues'}
2025-11-14 19:33:53,061 | INFO | [goto] Navigating to section='issues'
2025-11-14 19:33:53,231 | INFO | [step 3] {'action': 'click', 'text': 'filter'}
2025-11-14 19:33:53,236 | INFO | [click] Clicking button with text≈'filter'
2025-11-14 19:33:53,353 | INFO | [step 4] {'action': 'fill', 'field': 'query', 'val': 'priority high'}
2025-11-14 19:33:53,353 | INFO | [fill] Filling field≈'query' with value='priority high'
2025-11-14 19:33:53,363 | INFO | [fill] Using first <input>/<textarea> as fallback
2025-11-14 19:33:53,506 | INFO | [step 5] {'action': 'submit'}
2025-11-14 19:33:53,506 | INFO | [submit] Trying to submit (generic heuristic)
2025-11-14 19:33:53,514 | INFO | [submit] role=button matches for 'Create project': 0
2025-11-14 19:33:53,523 | INFO | [submit] role=button matches for 'Create': 2
2025-11-14 19:34:23,550 | INFO | [submit] role=button matches for 'Save': 0
2025-11-14 19:34:23,555 | INFO | [submit] role=button matches for 'Submit': 0
2025-11-14 19:34:23,560 | INFO | [submit] role=button matches for 'Done': 0
2025-11-14 19:34:23,564 | INFO | [submit] role=button matches for 'OK': 0
2025-11-14 19:34:23,568 | INFO | [submit] role=button matches for 'Continue': 0
2025-11-14 19:34:23,571 | INFO | [submit] role=button matches for 'Add': 1
2025-11-14 19:34:53,587 | WARNING | [submit] No submit-like button found; nothing clicked.
2025-11-14 19:34:53,731 | INFO | [step 6] {'action': 'assert', 'token': 'filtered'}
2025-11-14 19:34:53,731 | INFO | [assert] Checking if token='filtered' appears in page text
2025-11-14 19:34:53,733 | WARNING | [assert] FAILED: token='filtered' not found
2025-11-14 19:34:53,991 | INFO | Run setup complete (planner/executor will attach here).
