2025-11-14 19:31:09,831 | INFO | Run created: 20251115-003109-808eb989
2025-11-14 19:31:09,831 | INFO | Artifacts → /Users/spranshu/Desktop/Soft-Light/runs/20251115-003109-808eb989
2025-11-14 19:31:09,839 | INFO | Parsed: intent=create, object=project, app=Asana
2025-11-14 19:31:09,841 | INFO | Planner wrote 6 steps → runs/20251115-003109-808eb989/steps.yaml
2025-11-14 19:31:11,096 | INFO | [execute_plan] Using storage_state='asana_state.json' for app='Asana'
2025-11-14 19:31:11,733 | INFO | [step 1] {'action': 'open', 'app': 'Asana', 'state_label': 'linear_home'}
2025-11-14 19:31:11,733 | INFO | [open] Opening app=Asana at https://app.asana.com/
2025-11-14 19:31:13,403 | INFO | [step 2] {'action': 'goto', 'section': 'Projects', 'state_label': 'projects_list'}
2025-11-14 19:31:13,403 | INFO | [goto] Navigating to section='Projects'
2025-11-14 19:31:13,928 | INFO | [step 3] {'action': 'click', 'text': 'New project', 'state_label': 'create_project_modal_open'}
2025-11-14 19:31:13,954 | INFO | [click] Clicking button with text≈'New project'
2025-11-14 19:31:14,159 | INFO | [step 4] {'action': 'fill', 'field': 'Name', 'val': '<AUTO_NAME>', 'state_label': 'project_form_filled'}
2025-11-14 19:31:14,159 | INFO | [fill] Filling field≈'Name' with value='<AUTO_NAME>'
2025-11-14 19:31:14,168 | INFO | [fill] Trying text-click typing for field='Name'
2025-11-14 19:31:44,176 | WARNING | [fill] Failed to fill any field for 'Name': Locator.click: Timeout 30000ms exceeded.
Call log:
  - waiting for get_by_text("Name").first

2025-11-14 19:31:44,302 | INFO | [step 5] {'action': 'submit', 'state_label': 'project_submit_clicked'}
2025-11-14 19:31:44,302 | INFO | [submit] Trying to submit (generic heuristic)
2025-11-14 19:31:44,305 | INFO | [submit] role=button matches for 'Create project': 0
2025-11-14 19:31:44,307 | INFO | [submit] role=button matches for 'Create': 2
2025-11-14 19:31:44,340 | INFO | [submit] Clicked button with label≈'Create'
2025-11-14 19:31:44,408 | INFO | [step 6] {'action': 'assert', 'token': 'Project', 'state_label': 'project_created'}
2025-11-14 19:31:44,408 | INFO | [assert] Checking if token='Project' appears in page text
2025-11-14 19:31:44,410 | INFO | [assert] PASSED: found token='Project'
2025-11-14 19:31:44,648 | INFO | Run setup complete (planner/executor will attach here).
