2025-11-14 19:40:28,006 | INFO | Run created: 20251115-004028-f1845df8
2025-11-14 19:40:28,007 | INFO | Artifacts → /Users/spranshu/Desktop/Soft-Light/runs/20251115-004028-f1845df8
2025-11-14 19:40:28,016 | INFO | Parsed: intent=create, object=project, app=Asana
2025-11-14 19:40:28,018 | INFO | Planner wrote 6 steps → runs/20251115-004028-f1845df8/steps.yaml
2025-11-14 19:40:29,396 | INFO | [execute_plan] Using storage_state='asana_state.json' for app='Asana'
2025-11-14 19:40:30,326 | INFO | [step 1] {'action': 'open', 'app': 'Asana', 'state_label': 'linear_home'}
2025-11-14 19:40:30,327 | INFO | [open] Opening app=Asana at https://app.asana.com/
2025-11-14 19:40:32,476 | INFO | [step 2] {'action': 'goto', 'section': 'Projects', 'state_label': 'projects_list'}
2025-11-14 19:40:32,476 | INFO | [goto] Navigating to section='Projects'
2025-11-14 19:40:33,171 | INFO | [step 3] {'action': 'click', 'text': 'New project', 'state_label': 'create_project_modal_open'}
2025-11-14 19:40:33,178 | INFO | [click] Clicking button with text≈'New project'
2025-11-14 19:40:33,291 | INFO | [step 4] {'action': 'fill', 'field': 'Name', 'val': 'hiring pipeline', 'state_label': 'project_form_filled'}
2025-11-14 19:40:33,292 | INFO | [fill] Filling field≈'Name' with value='hiring pipeline'
2025-11-14 19:40:33,300 | INFO | [fill] Trying text-click typing for field='Name'
2025-11-14 19:41:03,307 | WARNING | [fill] Failed to fill any field for 'Name': Locator.click: Timeout 30000ms exceeded.
Call log:
  - waiting for get_by_text("Name").first

2025-11-14 19:41:03,449 | INFO | [step 5] {'action': 'submit', 'state_label': 'project_submit_clicked'}
2025-11-14 19:41:03,450 | INFO | [submit] Trying to submit (generic heuristic)
2025-11-14 19:41:03,452 | INFO | [submit] role=button matches for 'Create project': 0
2025-11-14 19:41:03,455 | INFO | [submit] role=button matches for 'Create': 2
2025-11-14 19:41:03,494 | INFO | [submit] Clicked button with label≈'Create'
2025-11-14 19:41:03,574 | INFO | [step 6] {'action': 'assert', 'token': 'Project', 'state_label': 'project_created'}
2025-11-14 19:41:03,574 | INFO | [assert] Checking if token='Project' appears in page text
2025-11-14 19:41:03,577 | INFO | [assert] PASSED: found token='Project'
2025-11-14 19:41:03,807 | INFO | Run setup complete (planner/executor will attach here).
