2025-11-14 19:30:27,255 | INFO | Run created: 20251115-003027-5c67342c
2025-11-14 19:30:27,257 | INFO | Artifacts → /Users/spranshu/Desktop/Soft-Light/runs/20251115-003027-5c67342c
2025-11-14 19:30:27,263 | INFO | Parsed: intent=create, object=project, app=Linear
2025-11-14 19:30:27,265 | INFO | Planner wrote 6 steps → runs/20251115-003027-5c67342c/steps.yaml
2025-11-14 19:30:29,083 | INFO | [execute_plan] Using storage_state='linear_state.json' for app='Linear'
2025-11-14 19:30:29,864 | INFO | [step 1] {'action': 'open', 'app': 'Linear', 'state_label': 'linear_home'}
2025-11-14 19:30:29,864 | INFO | [open] Opening app=Linear at https://linear.app/
2025-11-14 19:30:35,623 | INFO | [step 2] {'action': 'goto', 'section': 'Projects', 'state_label': 'projects_list'}
2025-11-14 19:30:35,624 | INFO | [goto] Navigating to section='Projects'
2025-11-14 19:30:35,876 | INFO | [step 3] {'action': 'click', 'text': 'New project', 'state_label': 'create_project_modal_open'}
2025-11-14 19:30:35,894 | INFO | [click] Fallback matched≈'Add project'
2025-11-14 19:30:36,055 | INFO | [step 4] {'action': 'fill', 'field': 'Name', 'val': '<AUTO_NAME>', 'state_label': 'project_form_filled'}
2025-11-14 19:30:36,055 | INFO | [fill] Filling field≈'Name' with value='<AUTO_NAME>'
2025-11-14 19:30:36,062 | INFO | [fill] Using label-based locator
2025-11-14 19:30:36,157 | INFO | [step 5] {'action': 'submit', 'state_label': 'project_submit_clicked'}
2025-11-14 19:30:36,157 | INFO | [submit] Trying to submit (generic heuristic)
2025-11-14 19:30:36,161 | INFO | [submit] role=button matches for 'Create project': 1
2025-11-14 19:30:36,283 | INFO | [submit] Clicked button with label≈'Create project'
2025-11-14 19:30:36,359 | INFO | [step 6] {'action': 'assert', 'token': 'Project', 'state_label': 'project_created'}
2025-11-14 19:30:36,359 | INFO | [assert] Checking if token='Project' appears in page text
2025-11-14 19:30:36,362 | INFO | [assert] PASSED: found token='Project'
2025-11-14 19:30:36,698 | INFO | Run setup complete (planner/executor will attach here).
