2025-11-14 19:07:06,900 | INFO | Run created: 20251115-000706-f800ccd9
2025-11-14 19:07:06,901 | INFO | Artifacts → /Users/spranshu/Desktop/Soft-Light/runs/20251115-000706-f800ccd9
2025-11-14 19:07:06,909 | INFO | Parsed: intent=create, object=project, app=Linear
2025-11-14 19:07:06,911 | INFO | Planner wrote 6 steps → runs/20251115-000706-f800ccd9/steps.yaml
2025-11-14 19:07:08,124 | INFO | [execute_plan] Using storage_state='linear_state.json' for app='Linear'
2025-11-14 19:07:08,777 | INFO | [step 1] {'action': 'open', 'app': 'Linear'}
2025-11-14 19:07:08,777 | INFO | [open] Opening app=Linear at https://linear.app/
2025-11-14 19:07:16,854 | INFO | [step 2] {'action': 'goto', 'section': 'Projects'}
2025-11-14 19:07:16,855 | INFO | [goto] Navigating to section='Projects'
2025-11-14 19:07:17,130 | INFO | [step 3] {'action': 'click', 'text': 'New project'}
2025-11-14 19:07:17,151 | INFO | [click] Fallback matched≈'Add project'
2025-11-14 19:07:17,315 | INFO | [step 4] {'action': 'fill', 'field': 'Name', 'val': 'bob the builder'}
2025-11-14 19:07:17,315 | INFO | [fill] Filling field≈'Name' with value='bob the builder'
2025-11-14 19:07:17,320 | INFO | [fill] Using label-based locator
2025-11-14 19:07:17,405 | INFO | [step 5] {'action': 'submit'}
2025-11-14 19:07:17,405 | INFO | [submit] Trying to submit (generic heuristic)
2025-11-14 19:07:17,411 | INFO | [submit] role=button matches for 'Create project': 1
2025-11-14 19:07:17,668 | INFO | [submit] Clicked button with label≈'Create project'
2025-11-14 19:07:17,794 | INFO | [step 6] {'action': 'assert', 'token': 'Project'}
2025-11-14 19:07:17,795 | INFO | [assert] Checking if token='Project' appears in page text
2025-11-14 19:07:17,799 | INFO | [assert] PASSED: found token='Project'
2025-11-14 19:07:18,112 | INFO | Run setup complete (planner/executor will attach here).
